mode: set
github.com/AXONcompany/POS/internal/infrastructure/rest/middleware/auth.go:18.55,19.30 1 1
github.com/AXONcompany/POS/internal/infrastructure/rest/middleware/auth.go:19.30,21.23 2 1
github.com/AXONcompany/POS/internal/infrastructure/rest/middleware/auth.go:21.23,24.4 2 1
github.com/AXONcompany/POS/internal/infrastructure/rest/middleware/auth.go:26.3,27.63 2 1
github.com/AXONcompany/POS/internal/infrastructure/rest/middleware/auth.go:27.63,30.4 2 1
github.com/AXONcompany/POS/internal/infrastructure/rest/middleware/auth.go:32.3,34.81 2 1
github.com/AXONcompany/POS/internal/infrastructure/rest/middleware/auth.go:34.81,35.59 1 1
github.com/AXONcompany/POS/internal/infrastructure/rest/middleware/auth.go:35.59,37.5 1 0
github.com/AXONcompany/POS/internal/infrastructure/rest/middleware/auth.go:38.4,38.25 1 1
github.com/AXONcompany/POS/internal/infrastructure/rest/middleware/auth.go:41.3,41.33 1 1
github.com/AXONcompany/POS/internal/infrastructure/rest/middleware/auth.go:41.33,44.4 2 1
github.com/AXONcompany/POS/internal/infrastructure/rest/middleware/auth.go:46.3,47.10 2 1
github.com/AXONcompany/POS/internal/infrastructure/rest/middleware/auth.go:47.10,50.4 2 0
github.com/AXONcompany/POS/internal/infrastructure/rest/middleware/auth.go:52.3,52.48 1 1
github.com/AXONcompany/POS/internal/infrastructure/rest/middleware/auth.go:52.48,54.4 1 1
github.com/AXONcompany/POS/internal/infrastructure/rest/middleware/auth.go:55.3,55.52 1 1
github.com/AXONcompany/POS/internal/infrastructure/rest/middleware/auth.go:55.52,57.4 1 1
github.com/AXONcompany/POS/internal/infrastructure/rest/middleware/auth.go:58.3,58.58 1 1
github.com/AXONcompany/POS/internal/infrastructure/rest/middleware/auth.go:58.58,60.4 1 1
github.com/AXONcompany/POS/internal/infrastructure/rest/middleware/auth.go:61.3,61.48 1 1
github.com/AXONcompany/POS/internal/infrastructure/rest/middleware/auth.go:61.48,63.4 1 0
github.com/AXONcompany/POS/internal/infrastructure/rest/middleware/auth.go:65.3,65.11 1 1
github.com/AXONcompany/POS/internal/infrastructure/rest/middleware/auth.go:70.56,71.30 1 1
github.com/AXONcompany/POS/internal/infrastructure/rest/middleware/auth.go:71.30,73.14 2 1
github.com/AXONcompany/POS/internal/infrastructure/rest/middleware/auth.go:73.14,76.4 2 0
github.com/AXONcompany/POS/internal/infrastructure/rest/middleware/auth.go:78.3,79.37 2 1
github.com/AXONcompany/POS/internal/infrastructure/rest/middleware/auth.go:79.37,80.24 1 1
github.com/AXONcompany/POS/internal/infrastructure/rest/middleware/auth.go:80.24,83.5 2 1
github.com/AXONcompany/POS/internal/infrastructure/rest/middleware/auth.go:86.3,86.101 1 1
github.com/AXONcompany/POS/internal/usecase/order/usecase.go:20.43,22.2 1 1
github.com/AXONcompany/POS/internal/usecase/order/usecase.go:24.154,35.29 2 1
github.com/AXONcompany/POS/internal/usecase/order/usecase.go:35.29,37.3 1 1
github.com/AXONcompany/POS/internal/usecase/order/usecase.go:39.2,39.31 1 1
github.com/AXONcompany/POS/internal/usecase/order/usecase.go:42.94,46.2 1 1
github.com/AXONcompany/POS/internal/usecase/order/usecase.go:48.121,50.2 1 1
github.com/AXONcompany/POS/internal/usecase/order/usecase.go:52.112,54.2 1 1
github.com/AXONcompany/POS/internal/usecase/product/usecase.go:40.119,46.2 1 1
github.com/AXONcompany/POS/internal/usecase/product/usecase.go:50.102,51.18 1 1
github.com/AXONcompany/POS/internal/usecase/product/usecase.go:51.18,53.3 1 1
github.com/AXONcompany/POS/internal/usecase/product/usecase.go:55.2,56.16 2 1
github.com/AXONcompany/POS/internal/usecase/product/usecase.go:56.16,58.3 1 0
github.com/AXONcompany/POS/internal/usecase/product/usecase.go:59.2,59.21 1 1
github.com/AXONcompany/POS/internal/usecase/product/usecase.go:62.89,63.13 1 0
github.com/AXONcompany/POS/internal/usecase/product/usecase.go:63.13,65.3 1 0
github.com/AXONcompany/POS/internal/usecase/product/usecase.go:66.2,67.16 2 0
github.com/AXONcompany/POS/internal/usecase/product/usecase.go:67.16,68.36 1 0
github.com/AXONcompany/POS/internal/usecase/product/usecase.go:68.36,70.4 1 0
github.com/AXONcompany/POS/internal/usecase/product/usecase.go:71.3,71.18 1 0
github.com/AXONcompany/POS/internal/usecase/product/usecase.go:73.2,73.15 1 0
github.com/AXONcompany/POS/internal/usecase/product/usecase.go:76.105,77.14 1 0
github.com/AXONcompany/POS/internal/usecase/product/usecase.go:77.14,79.3 1 0
github.com/AXONcompany/POS/internal/usecase/product/usecase.go:80.2,80.36 1 0
github.com/AXONcompany/POS/internal/usecase/product/usecase.go:80.36,82.3 1 0
github.com/AXONcompany/POS/internal/usecase/product/usecase.go:83.2,83.61 1 0
github.com/AXONcompany/POS/internal/usecase/product/usecase.go:86.105,87.13 1 0
github.com/AXONcompany/POS/internal/usecase/product/usecase.go:87.13,89.3 1 0
github.com/AXONcompany/POS/internal/usecase/product/usecase.go:90.2,90.16 1 0
github.com/AXONcompany/POS/internal/usecase/product/usecase.go:90.16,92.3 1 0
github.com/AXONcompany/POS/internal/usecase/product/usecase.go:94.2,95.16 2 0
github.com/AXONcompany/POS/internal/usecase/product/usecase.go:95.16,97.3 1 0
github.com/AXONcompany/POS/internal/usecase/product/usecase.go:99.2,100.53 2 0
github.com/AXONcompany/POS/internal/usecase/product/usecase.go:103.71,104.13 1 0
github.com/AXONcompany/POS/internal/usecase/product/usecase.go:104.13,106.3 1 0
github.com/AXONcompany/POS/internal/usecase/product/usecase.go:107.2,107.47 1 0
github.com/AXONcompany/POS/internal/usecase/product/usecase.go:112.99,113.18 1 1
github.com/AXONcompany/POS/internal/usecase/product/usecase.go:113.18,115.3 1 1
github.com/AXONcompany/POS/internal/usecase/product/usecase.go:116.2,116.22 1 1
github.com/AXONcompany/POS/internal/usecase/product/usecase.go:116.22,118.3 1 1
github.com/AXONcompany/POS/internal/usecase/product/usecase.go:120.2,121.16 2 1
github.com/AXONcompany/POS/internal/usecase/product/usecase.go:121.16,123.3 1 0
github.com/AXONcompany/POS/internal/usecase/product/usecase.go:124.2,124.21 1 1
github.com/AXONcompany/POS/internal/usecase/product/usecase.go:127.87,128.13 1 1
github.com/AXONcompany/POS/internal/usecase/product/usecase.go:128.13,130.3 1 0
github.com/AXONcompany/POS/internal/usecase/product/usecase.go:131.2,132.16 2 1
github.com/AXONcompany/POS/internal/usecase/product/usecase.go:132.16,133.36 1 0
github.com/AXONcompany/POS/internal/usecase/product/usecase.go:133.36,135.4 1 0
github.com/AXONcompany/POS/internal/usecase/product/usecase.go:136.3,136.18 1 0
github.com/AXONcompany/POS/internal/usecase/product/usecase.go:138.2,138.15 1 1
github.com/AXONcompany/POS/internal/usecase/product/usecase.go:141.102,142.14 1 0
github.com/AXONcompany/POS/internal/usecase/product/usecase.go:142.14,144.3 1 0
github.com/AXONcompany/POS/internal/usecase/product/usecase.go:145.2,145.36 1 0
github.com/AXONcompany/POS/internal/usecase/product/usecase.go:145.36,147.3 1 0
github.com/AXONcompany/POS/internal/usecase/product/usecase.go:148.2,148.58 1 0
github.com/AXONcompany/POS/internal/usecase/product/usecase.go:151.109,152.13 1 1
github.com/AXONcompany/POS/internal/usecase/product/usecase.go:152.13,154.3 1 0
github.com/AXONcompany/POS/internal/usecase/product/usecase.go:156.2,157.16 2 1
github.com/AXONcompany/POS/internal/usecase/product/usecase.go:157.16,159.3 1 0
github.com/AXONcompany/POS/internal/usecase/product/usecase.go:162.2,162.18 1 1
github.com/AXONcompany/POS/internal/usecase/product/usecase.go:162.18,164.3 1 1
github.com/AXONcompany/POS/internal/usecase/product/usecase.go:165.2,165.23 1 1
github.com/AXONcompany/POS/internal/usecase/product/usecase.go:165.23,167.3 1 1
github.com/AXONcompany/POS/internal/usecase/product/usecase.go:168.2,170.51 2 1
github.com/AXONcompany/POS/internal/usecase/product/usecase.go:173.70,174.13 1 0
github.com/AXONcompany/POS/internal/usecase/product/usecase.go:174.13,176.3 1 0
github.com/AXONcompany/POS/internal/usecase/product/usecase.go:177.2,177.45 1 0
github.com/AXONcompany/POS/internal/usecase/product/usecase.go:182.132,183.41 1 1
github.com/AXONcompany/POS/internal/usecase/product/usecase.go:183.41,185.3 1 1
github.com/AXONcompany/POS/internal/usecase/product/usecase.go:186.2,186.19 1 1
github.com/AXONcompany/POS/internal/usecase/product/usecase.go:186.19,188.3 1 1
github.com/AXONcompany/POS/internal/usecase/product/usecase.go:191.2,192.16 2 1
github.com/AXONcompany/POS/internal/usecase/product/usecase.go:192.16,193.36 1 1
github.com/AXONcompany/POS/internal/usecase/product/usecase.go:193.36,195.4 1 0
github.com/AXONcompany/POS/internal/usecase/product/usecase.go:196.3,196.18 1 1
github.com/AXONcompany/POS/internal/usecase/product/usecase.go:199.2,205.46 2 1
github.com/AXONcompany/POS/internal/usecase/product/usecase.go:208.109,209.20 1 0
github.com/AXONcompany/POS/internal/usecase/product/usecase.go:209.20,211.3 1 0
github.com/AXONcompany/POS/internal/usecase/product/usecase.go:212.2,212.52 1 0
github.com/AXONcompany/POS/internal/usecase/product/usecase.go:217.143,218.16 1 1
github.com/AXONcompany/POS/internal/usecase/product/usecase.go:218.16,220.3 1 1
github.com/AXONcompany/POS/internal/usecase/product/usecase.go:221.2,221.15 1 1
github.com/AXONcompany/POS/internal/usecase/product/usecase.go:221.15,223.3 1 1
github.com/AXONcompany/POS/internal/usecase/product/usecase.go:224.2,224.27 1 1
github.com/AXONcompany/POS/internal/usecase/product/usecase.go:224.27,226.3 1 1
github.com/AXONcompany/POS/internal/usecase/product/usecase.go:228.2,234.70 2 1
github.com/AXONcompany/POS/internal/usecase/auth/usecase.go:32.100,38.2 1 1
github.com/AXONcompany/POS/internal/usecase/auth/usecase.go:45.118,47.16 2 1
github.com/AXONcompany/POS/internal/usecase/auth/usecase.go:47.16,49.3 1 0
github.com/AXONcompany/POS/internal/usecase/auth/usecase.go:51.2,51.17 1 1
github.com/AXONcompany/POS/internal/usecase/auth/usecase.go:51.17,53.3 1 0
github.com/AXONcompany/POS/internal/usecase/auth/usecase.go:55.2,55.96 1 1
github.com/AXONcompany/POS/internal/usecase/auth/usecase.go:55.96,57.3 1 1
github.com/AXONcompany/POS/internal/usecase/auth/usecase.go:60.2,61.16 2 1
github.com/AXONcompany/POS/internal/usecase/auth/usecase.go:61.16,63.3 1 0
github.com/AXONcompany/POS/internal/usecase/auth/usecase.go:66.2,67.16 2 1
github.com/AXONcompany/POS/internal/usecase/auth/usecase.go:67.16,69.3 1 0
github.com/AXONcompany/POS/internal/usecase/auth/usecase.go:71.2,82.16 4 1
github.com/AXONcompany/POS/internal/usecase/auth/usecase.go:82.16,84.3 1 0
github.com/AXONcompany/POS/internal/usecase/auth/usecase.go:86.2,89.8 1 1
github.com/AXONcompany/POS/internal/usecase/auth/usecase.go:92.94,104.2 3 1
github.com/AXONcompany/POS/internal/usecase/auth/usecase.go:106.99,108.16 2 1
github.com/AXONcompany/POS/internal/usecase/auth/usecase.go:108.16,110.3 1 0
github.com/AXONcompany/POS/internal/usecase/auth/usecase.go:112.2,112.51 1 1
github.com/AXONcompany/POS/internal/usecase/auth/usecase.go:112.51,114.3 1 1
github.com/AXONcompany/POS/internal/usecase/auth/usecase.go:117.2,120.16 3 0
github.com/AXONcompany/POS/internal/usecase/auth/usecase.go:120.16,122.3 1 0
github.com/AXONcompany/POS/internal/usecase/auth/usecase.go:124.2,124.74 1 0
github.com/AXONcompany/POS/internal/usecase/user/usecase.go:19.47,21.2 1 1
github.com/AXONcompany/POS/internal/usecase/user/usecase.go:23.118,25.16 2 1
github.com/AXONcompany/POS/internal/usecase/user/usecase.go:25.16,27.3 1 0
github.com/AXONcompany/POS/internal/usecase/user/usecase.go:29.2,30.31 2 1
